<?xml version="1.0" encoding="UTF-8"?>
<testng-results skipped="0" failed="0" ignored="0" total="2" passed="2">
  <reporter-output>
  </reporter-output>
  <suite name="Suite" duration-ms="13446" started-at="2019-10-03T11:18:59Z" finished-at="2019-10-03T11:19:12Z">
    <groups>
    </groups>
    <test name="Test" duration-ms="13446" started-at="2019-10-03T11:18:59Z" finished-at="2019-10-03T11:19:12Z">
      <class name="com.shop.qa.testcases.LoginPageTest">
        <test-method status="PASS" signature="setUp()[pri:0, instance:com.shop.qa.testcases.LoginPageTest@757942a1]" name="setUp" is-config="true" duration-ms="6353" started-at="2019-10-03T11:18:59Z" finished-at="2019-10-03T11:19:05Z">
          <reporter-output>
          </reporter-output>
        </test-method> <!-- setUp -->
        <test-method status="PASS" signature="loginPageTitleTest()[pri:1, instance:com.shop.qa.testcases.LoginPageTest@757942a1]" name="loginPageTitleTest" duration-ms="27" started-at="2019-10-03T11:19:05Z" finished-at="2019-10-03T11:19:05Z">
          <reporter-output>
          </reporter-output>
        </test-method> <!-- loginPageTitleTest -->
        <test-method status="PASS" signature="tearDown()[pri:0, instance:com.shop.qa.testcases.LoginPageTest@757942a1]" name="tearDown" is-config="true" duration-ms="952" started-at="2019-10-03T11:19:05Z" finished-at="2019-10-03T11:19:06Z">
          <reporter-output>
          </reporter-output>
        </test-method> <!-- tearDown -->
        <test-method status="PASS" signature="setUp()[pri:0, instance:com.shop.qa.testcases.LoginPageTest@757942a1]" name="setUp" is-config="true" duration-ms="4497" started-at="2019-10-03T11:19:06Z" finished-at="2019-10-03T11:19:10Z">
          <reporter-output>
          </reporter-output>
        </test-method> <!-- setUp -->
        <test-method status="PASS" signature="loginTest()[pri:2, instance:com.shop.qa.testcases.LoginPageTest@757942a1]" name="loginTest" duration-ms="750" started-at="2019-10-03T11:19:10Z" finished-at="2019-10-03T11:19:11Z">
          <reporter-output>
          </reporter-output>
        </test-method> <!-- loginTest -->
        <test-method status="PASS" signature="tearDown()[pri:0, instance:com.shop.qa.testcases.LoginPageTest@757942a1]" name="tearDown" is-config="true" duration-ms="848" started-at="2019-10-03T11:19:11Z" finished-at="2019-10-03T11:19:12Z">
          <reporter-output>
          </reporter-output>
        </test-method> <!-- tearDown -->
      </class> <!-- com.shop.qa.testcases.LoginPageTest -->
    </test> <!-- Test -->
  </suite> <!-- Suite -->
</testng-results>
